<?xml version="1.0" encoding="UTF-8"?>
<!-- Generated by org.testng.reporters.JUnitReportReporter -->
<testsuite hostname="SKY-20140314HVQ" name="RenRenSchools" tests="1" failures="1" timestamp="23 Apr 2014 07:37:45 GMT" time="1.084" errors="0">
  <testcase name="init" time="1.084" classname="RenRenSchools">
    <failure type="java.net.URISyntaxException" message="Illegal character in query at index 29: http://dj.renren.com/click?J={&quot;ID&quot;:null,&quot;R&quot;:&quot;http://reg.renren.com/fill-basic-info?type=submit&quot;,&quot;X&quot;:778,&quot;Y&quot;:381,&quot;T&quot;:&quot;div&quot;}&amp;t=0.626538563054055">
      <![CDATA[java.net.URISyntaxException: Illegal character in query at index 29: http://dj.renren.com/click?J={"ID":null,"R":"http://reg.renren.com/fill-basic-info?type=submit","X":778,"Y":381,"T":"div"}&t=0.626538563054055
	at java.net.URI$Parser.fail(URI.java:2810)
	at java.net.URI$Parser.checkChars(URI.java:2983)
	at java.net.URI$Parser.parseHierarchical(URI.java:3073)
	at java.net.URI$Parser.parse(URI.java:3015)
	at java.net.URI.<init>(URI.java:577)
	at RenRenSchools.getCookieFocus(RenRenSchools.java:83)
	at RenRenSchools.init(RenRenSchools.java:28)
	at sun.reflect.NativeMethodAccessorImpl.invoke0(Native Method)
	at sun.reflect.NativeMethodAccessorImpl.invoke(NativeMethodAccessorImpl.java:39)
	at sun.reflect.DelegatingMethodAccessorImpl.invoke(DelegatingMethodAccessorImpl.java:25)
	at java.lang.reflect.Method.invoke(Method.java:597)
	at org.testng.internal.MethodInvocationHelper.invokeMethod(MethodInvocationHelper.java:80)
	at org.testng.internal.Invoker.invokeMethod(Invoker.java:702)
	at org.testng.internal.Invoker.invokeTestMethod(Invoker.java:894)
	at org.testng.internal.Invoker.invokeTestMethods(Invoker.java:1219)
	at org.testng.internal.TestMethodWorker.invokeTestMethods(TestMethodWorker.java:127)
	at org.testng.internal.TestMethodWorker.run(TestMethodWorker.java:111)
	at org.testng.TestRunner.privateRun(TestRunner.java:768)
	at org.testng.TestRunner.run(TestRunner.java:617)
	at org.testng.SuiteRunner.runTest(SuiteRunner.java:334)
	at org.testng.SuiteRunner.runSequentially(SuiteRunner.java:329)
	at org.testng.SuiteRunner.privateRun(SuiteRunner.java:291)
	at org.testng.SuiteRunner.run(SuiteRunner.java:240)
	at org.testng.SuiteRunnerWorker.runSuite(SuiteRunnerWorker.java:53)
	at org.testng.SuiteRunnerWorker.run(SuiteRunnerWorker.java:87)
	at org.testng.TestNG.runSuitesSequentially(TestNG.java:1188)
	at org.testng.TestNG.runSuitesLocally(TestNG.java:1113)
	at org.testng.TestNG.run(TestNG.java:1025)
	at org.testng.remote.RemoteTestNG.run(RemoteTestNG.java:109)
	at org.testng.remote.RemoteTestNG.initAndRun(RemoteTestNG.java:202)
	at org.testng.remote.RemoteTestNG.main(RemoteTestNG.java:173)
]]>
    </failure>
  </testcase> <!-- init -->
</testsuite> <!-- RenRenSchools -->
